<html>
<head>
<title>TestNG:  restApiTest</title>
<link href="../testng.css" rel="stylesheet" type="text/css" />
<link href="../my-testng.css" rel="stylesheet" type="text/css" />

<style type="text/css">
.log { display: none;} 
.stack-trace { display: none;} 
</style>
<script type="text/javascript">
<!--
function flip(e) {
  current = e.style.display;
  if (current == 'block') {
    e.style.display = 'none';
    return 0;
  }
  else {
    e.style.display = 'block';
    return 1;
  }
}

function toggleBox(szDivId, elem, msg1, msg2)
{
  var res = -1;  if (document.getElementById) {
    res = flip(document.getElementById(szDivId));
  }
  else if (document.all) {
    // this is the way old msie versions work
    res = flip(document.all[szDivId]);
  }
  if(elem) {
    if(res == 0) elem.innerHTML = msg1; else elem.innerHTML = msg2;
  }

}

function toggleAllBoxes() {
  if (document.getElementsByTagName) {
    d = document.getElementsByTagName('div');
    for (i = 0; i < d.length; i++) {
      if (d[i].className == 'log') {
        flip(d[i]);
      }
    }
  }
}

// -->
</script>

</head>
<body>
<h2 align='center'>restApiTest</h2><table border='1' align="center">
<tr>
<td>Tests passed/Failed/Skipped:</td><td>13/4/0</td>
</tr><tr>
<td>Started on:</td><td>Fri Nov 25 18:23:28 GMT 2022</td>
</tr>
<tr><td>Total time:</td><td>76 seconds (76016 ms)</td>
</tr><tr>
<td>Included groups:</td><td></td>
</tr><tr>
<td>Excluded groups:</td><td></td>
</tr>
</table><p/>
<small><i>(Hover the method name to see the test class name)</i></small><p/>
<table width='100%' border='1' class='invocation-failed'>
<tr><td colspan='4' align='center'><b>FAILED TESTS</b></td></tr>
<tr><td><b>Test method</b></td>
<td><b>Attribute(s)</b></td>
<td width="30%"><b>Exception</b></td>
<td width="10%"><b>Time (seconds)</b></td>
<td><b>Instance</b></td>
</tr>
<tr>
<td title='com.datadrivenapi.test.TC004_Update_Employee_Record.Content_Encoding()'><b>Content_Encoding</b><br>Test class: com.datadrivenapi.test.TC004_Update_Employee_Record</td>
<td><div><pre>java.lang.AssertionError: expected [br] but found [gzip]
	at com.datadrivenapi.test.TC004_Update_Employee_Record.Content_Encoding(TC004_Update_Employee_Record.java:79)
	at java.base/java.util.ArrayList.forEach(ArrayList.java:1541)
... Removed 36 stack frames</pre></div><a href='#' onClick='toggleBox("stack-trace1752220610", this, "Click to show all stack frames", "Click to hide stack frames")'>Click to show all stack frames</a>
<div class='stack-trace' id='stack-trace1752220610'><pre>java.lang.AssertionError: expected [br] but found [gzip]
	at org.testng.Assert.fail(Assert.java:110)
	at org.testng.Assert.failNotEquals(Assert.java:1413)
	at org.testng.Assert.assertEqualsImpl(Assert.java:149)
	at org.testng.Assert.assertEquals(Assert.java:131)
	at org.testng.Assert.assertEquals(Assert.java:655)
	at org.testng.Assert.assertEquals(Assert.java:665)
	at com.datadrivenapi.test.TC004_Update_Employee_Record.Content_Encoding(TC004_Update_Employee_Record.java:79)
	at java.base/jdk.internal.reflect.NativeMethodAccessorImpl.invoke0(Native Method)
	at java.base/jdk.internal.reflect.NativeMethodAccessorImpl.invoke(NativeMethodAccessorImpl.java:62)
	at java.base/jdk.internal.reflect.DelegatingMethodAccessorImpl.invoke(DelegatingMethodAccessorImpl.java:43)
	at java.base/java.lang.reflect.Method.invoke(Method.java:566)
	at org.testng.internal.invokers.MethodInvocationHelper.invokeMethod(MethodInvocationHelper.java:139)
	at org.testng.internal.invokers.TestInvoker.invokeMethod(TestInvoker.java:677)
	at org.testng.internal.invokers.TestInvoker.invokeTestMethod(TestInvoker.java:221)
	at org.testng.internal.invokers.MethodRunner.runInSequence(MethodRunner.java:50)
	at org.testng.internal.invokers.TestInvoker$MethodInvocationAgent.invoke(TestInvoker.java:962)
	at org.testng.internal.invokers.TestInvoker.invokeTestMethods(TestInvoker.java:194)
	at org.testng.internal.invokers.TestMethodWorker.invokeTestMethods(TestMethodWorker.java:148)
	at org.testng.internal.invokers.TestMethodWorker.run(TestMethodWorker.java:128)
	at java.base/java.util.ArrayList.forEach(ArrayList.java:1541)
	at org.testng.TestRunner.privateRun(TestRunner.java:806)
	at org.testng.TestRunner.run(TestRunner.java:601)
	at org.testng.SuiteRunner.runTest(SuiteRunner.java:433)
	at org.testng.SuiteRunner.runSequentially(SuiteRunner.java:427)
	at org.testng.SuiteRunner.privateRun(SuiteRunner.java:387)
	at org.testng.SuiteRunner.run(SuiteRunner.java:330)
	at org.testng.SuiteRunnerWorker.runSuite(SuiteRunnerWorker.java:52)
	at org.testng.SuiteRunnerWorker.run(SuiteRunnerWorker.java:95)
	at org.testng.TestNG.runSuitesSequentially(TestNG.java:1256)
	at org.testng.TestNG.runSuitesLocally(TestNG.java:1176)
	at org.testng.TestNG.runSuites(TestNG.java:1099)
	at org.testng.TestNG.run(TestNG.java:1067)
	at org.apache.maven.surefire.testng.TestNGExecutor.run(TestNGExecutor.java:295)
	at org.apache.maven.surefire.testng.TestNGXmlTestSuite.execute(TestNGXmlTestSuite.java:84)
	at org.apache.maven.surefire.testng.TestNGProvider.invoke(TestNGProvider.java:90)
	at org.apache.maven.surefire.booter.ForkedBooter.invokeProviderInSameClassLoader(ForkedBooter.java:203)
	at org.apache.maven.surefire.booter.ForkedBooter.runSuitesInProcess(ForkedBooter.java:155)
	at org.apache.maven.surefire.booter.ForkedBooter.main(ForkedBooter.java:103)
</pre></div></td>
<td>0</td>
<td>com.datadrivenapi.test.TC004_Update_Employee_Record@2cdd0d4b</td></tr>
<tr>
<td title='com.datadrivenapi.test.TC001_Get_All_EmployeeData.statusCode()'><b>statusCode</b><br>Test class: com.datadrivenapi.test.TC001_Get_All_EmployeeData</td>
<td><div><pre>java.lang.AssertionError: expected [200] but found [429]
	at com.datadrivenapi.test.TC001_Get_All_EmployeeData.statusCode(TC001_Get_All_EmployeeData.java:41)
	at java.base/java.util.ArrayList.forEach(ArrayList.java:1541)
... Removed 36 stack frames</pre></div><a href='#' onClick='toggleBox("stack-trace1452445207", this, "Click to show all stack frames", "Click to hide stack frames")'>Click to show all stack frames</a>
<div class='stack-trace' id='stack-trace1452445207'><pre>java.lang.AssertionError: expected [200] but found [429]
	at org.testng.Assert.fail(Assert.java:110)
	at org.testng.Assert.failNotEquals(Assert.java:1413)
	at org.testng.Assert.assertEqualsImpl(Assert.java:149)
	at org.testng.Assert.assertEquals(Assert.java:131)
	at org.testng.Assert.assertEquals(Assert.java:1240)
	at org.testng.Assert.assertEquals(Assert.java:1274)
	at com.datadrivenapi.test.TC001_Get_All_EmployeeData.statusCode(TC001_Get_All_EmployeeData.java:41)
	at java.base/jdk.internal.reflect.NativeMethodAccessorImpl.invoke0(Native Method)
	at java.base/jdk.internal.reflect.NativeMethodAccessorImpl.invoke(NativeMethodAccessorImpl.java:62)
	at java.base/jdk.internal.reflect.DelegatingMethodAccessorImpl.invoke(DelegatingMethodAccessorImpl.java:43)
	at java.base/java.lang.reflect.Method.invoke(Method.java:566)
	at org.testng.internal.invokers.MethodInvocationHelper.invokeMethod(MethodInvocationHelper.java:139)
	at org.testng.internal.invokers.TestInvoker.invokeMethod(TestInvoker.java:677)
	at org.testng.internal.invokers.TestInvoker.invokeTestMethod(TestInvoker.java:221)
	at org.testng.internal.invokers.MethodRunner.runInSequence(MethodRunner.java:50)
	at org.testng.internal.invokers.TestInvoker$MethodInvocationAgent.invoke(TestInvoker.java:962)
	at org.testng.internal.invokers.TestInvoker.invokeTestMethods(TestInvoker.java:194)
	at org.testng.internal.invokers.TestMethodWorker.invokeTestMethods(TestMethodWorker.java:148)
	at org.testng.internal.invokers.TestMethodWorker.run(TestMethodWorker.java:128)
	at java.base/java.util.ArrayList.forEach(ArrayList.java:1541)
	at org.testng.TestRunner.privateRun(TestRunner.java:806)
	at org.testng.TestRunner.run(TestRunner.java:601)
	at org.testng.SuiteRunner.runTest(SuiteRunner.java:433)
	at org.testng.SuiteRunner.runSequentially(SuiteRunner.java:427)
	at org.testng.SuiteRunner.privateRun(SuiteRunner.java:387)
	at org.testng.SuiteRunner.run(SuiteRunner.java:330)
	at org.testng.SuiteRunnerWorker.runSuite(SuiteRunnerWorker.java:52)
	at org.testng.SuiteRunnerWorker.run(SuiteRunnerWorker.java:95)
	at org.testng.TestNG.runSuitesSequentially(TestNG.java:1256)
	at org.testng.TestNG.runSuitesLocally(TestNG.java:1176)
	at org.testng.TestNG.runSuites(TestNG.java:1099)
	at org.testng.TestNG.run(TestNG.java:1067)
	at org.apache.maven.surefire.testng.TestNGExecutor.run(TestNGExecutor.java:295)
	at org.apache.maven.surefire.testng.TestNGXmlTestSuite.execute(TestNGXmlTestSuite.java:84)
	at org.apache.maven.surefire.testng.TestNGProvider.invoke(TestNGProvider.java:90)
	at org.apache.maven.surefire.booter.ForkedBooter.invokeProviderInSameClassLoader(ForkedBooter.java:203)
	at org.apache.maven.surefire.booter.ForkedBooter.runSuitesInProcess(ForkedBooter.java:155)
	at org.apache.maven.surefire.booter.ForkedBooter.main(ForkedBooter.java:103)
</pre></div></td>
<td>0</td>
<td>com.datadrivenapi.test.TC001_Get_All_EmployeeData@c03cf28</td></tr>
<tr>
<td title='com.datadrivenapi.test.TC001_Get_All_EmployeeData.content_Type()'><b>content_Type</b><br>Test class: com.datadrivenapi.test.TC001_Get_All_EmployeeData</td>
<td><div><pre>java.lang.AssertionError: expected [application/json] but found [text/html; charset=UTF-8]
	at com.datadrivenapi.test.TC001_Get_All_EmployeeData.content_Type(TC001_Get_All_EmployeeData.java:57)
	at java.base/java.util.ArrayList.forEach(ArrayList.java:1541)
... Removed 36 stack frames</pre></div><a href='#' onClick='toggleBox("stack-trace306016343", this, "Click to show all stack frames", "Click to hide stack frames")'>Click to show all stack frames</a>
<div class='stack-trace' id='stack-trace306016343'><pre>java.lang.AssertionError: expected [application/json] but found [text/html; charset=UTF-8]
	at org.testng.Assert.fail(Assert.java:110)
	at org.testng.Assert.failNotEquals(Assert.java:1413)
	at org.testng.Assert.assertEqualsImpl(Assert.java:149)
	at org.testng.Assert.assertEquals(Assert.java:131)
	at org.testng.Assert.assertEquals(Assert.java:655)
	at org.testng.Assert.assertEquals(Assert.java:665)
	at com.datadrivenapi.test.TC001_Get_All_EmployeeData.content_Type(TC001_Get_All_EmployeeData.java:57)
	at java.base/jdk.internal.reflect.NativeMethodAccessorImpl.invoke0(Native Method)
	at java.base/jdk.internal.reflect.NativeMethodAccessorImpl.invoke(NativeMethodAccessorImpl.java:62)
	at java.base/jdk.internal.reflect.DelegatingMethodAccessorImpl.invoke(DelegatingMethodAccessorImpl.java:43)
	at java.base/java.lang.reflect.Method.invoke(Method.java:566)
	at org.testng.internal.invokers.MethodInvocationHelper.invokeMethod(MethodInvocationHelper.java:139)
	at org.testng.internal.invokers.TestInvoker.invokeMethod(TestInvoker.java:677)
	at org.testng.internal.invokers.TestInvoker.invokeTestMethod(TestInvoker.java:221)
	at org.testng.internal.invokers.MethodRunner.runInSequence(MethodRunner.java:50)
	at org.testng.internal.invokers.TestInvoker$MethodInvocationAgent.invoke(TestInvoker.java:962)
	at org.testng.internal.invokers.TestInvoker.invokeTestMethods(TestInvoker.java:194)
	at org.testng.internal.invokers.TestMethodWorker.invokeTestMethods(TestMethodWorker.java:148)
	at org.testng.internal.invokers.TestMethodWorker.run(TestMethodWorker.java:128)
	at java.base/java.util.ArrayList.forEach(ArrayList.java:1541)
	at org.testng.TestRunner.privateRun(TestRunner.java:806)
	at org.testng.TestRunner.run(TestRunner.java:601)
	at org.testng.SuiteRunner.runTest(SuiteRunner.java:433)
	at org.testng.SuiteRunner.runSequentially(SuiteRunner.java:427)
	at org.testng.SuiteRunner.privateRun(SuiteRunner.java:387)
	at org.testng.SuiteRunner.run(SuiteRunner.java:330)
	at org.testng.SuiteRunnerWorker.runSuite(SuiteRunnerWorker.java:52)
	at org.testng.SuiteRunnerWorker.run(SuiteRunnerWorker.java:95)
	at org.testng.TestNG.runSuitesSequentially(TestNG.java:1256)
	at org.testng.TestNG.runSuitesLocally(TestNG.java:1176)
	at org.testng.TestNG.runSuites(TestNG.java:1099)
	at org.testng.TestNG.run(TestNG.java:1067)
	at org.apache.maven.surefire.testng.TestNGExecutor.run(TestNGExecutor.java:295)
	at org.apache.maven.surefire.testng.TestNGXmlTestSuite.execute(TestNGXmlTestSuite.java:84)
	at org.apache.maven.surefire.testng.TestNGProvider.invoke(TestNGProvider.java:90)
	at org.apache.maven.surefire.booter.ForkedBooter.invokeProviderInSameClassLoader(ForkedBooter.java:203)
	at org.apache.maven.surefire.booter.ForkedBooter.runSuitesInProcess(ForkedBooter.java:155)
	at org.apache.maven.surefire.booter.ForkedBooter.main(ForkedBooter.java:103)
</pre></div></td>
<td>0</td>
<td>com.datadrivenapi.test.TC001_Get_All_EmployeeData@c03cf28</td></tr>
<tr>
<td title='com.datadrivenapi.test.TC004_Update_Employee_Record.GetResponseBody()'><b>GetResponseBody</b><br>Test class: com.datadrivenapi.test.TC004_Update_Employee_Record</td>
<td><div><pre>java.lang.AssertionError: expected [true] but found [false]
	at com.datadrivenapi.test.TC004_Update_Employee_Record.GetResponseBody(TC004_Update_Employee_Record.java:38)
	at java.base/java.util.ArrayList.forEach(ArrayList.java:1541)
... Removed 34 stack frames</pre></div><a href='#' onClick='toggleBox("stack-trace1469235340", this, "Click to show all stack frames", "Click to hide stack frames")'>Click to show all stack frames</a>
<div class='stack-trace' id='stack-trace1469235340'><pre>java.lang.AssertionError: expected [true] but found [false]
	at org.testng.Assert.fail(Assert.java:110)
	at org.testng.Assert.failNotEquals(Assert.java:1413)
	at org.testng.Assert.assertTrue(Assert.java:56)
	at org.testng.Assert.assertTrue(Assert.java:66)
	at com.datadrivenapi.test.TC004_Update_Employee_Record.GetResponseBody(TC004_Update_Employee_Record.java:38)
	at java.base/jdk.internal.reflect.NativeMethodAccessorImpl.invoke0(Native Method)
	at java.base/jdk.internal.reflect.NativeMethodAccessorImpl.invoke(NativeMethodAccessorImpl.java:62)
	at java.base/jdk.internal.reflect.DelegatingMethodAccessorImpl.invoke(DelegatingMethodAccessorImpl.java:43)
	at java.base/java.lang.reflect.Method.invoke(Method.java:566)
	at org.testng.internal.invokers.MethodInvocationHelper.invokeMethod(MethodInvocationHelper.java:139)
	at org.testng.internal.invokers.TestInvoker.invokeMethod(TestInvoker.java:677)
	at org.testng.internal.invokers.TestInvoker.invokeTestMethod(TestInvoker.java:221)
	at org.testng.internal.invokers.MethodRunner.runInSequence(MethodRunner.java:50)
	at org.testng.internal.invokers.TestInvoker$MethodInvocationAgent.invoke(TestInvoker.java:962)
	at org.testng.internal.invokers.TestInvoker.invokeTestMethods(TestInvoker.java:194)
	at org.testng.internal.invokers.TestMethodWorker.invokeTestMethods(TestMethodWorker.java:148)
	at org.testng.internal.invokers.TestMethodWorker.run(TestMethodWorker.java:128)
	at java.base/java.util.ArrayList.forEach(ArrayList.java:1541)
	at org.testng.TestRunner.privateRun(TestRunner.java:806)
	at org.testng.TestRunner.run(TestRunner.java:601)
	at org.testng.SuiteRunner.runTest(SuiteRunner.java:433)
	at org.testng.SuiteRunner.runSequentially(SuiteRunner.java:427)
	at org.testng.SuiteRunner.privateRun(SuiteRunner.java:387)
	at org.testng.SuiteRunner.run(SuiteRunner.java:330)
	at org.testng.SuiteRunnerWorker.runSuite(SuiteRunnerWorker.java:52)
	at org.testng.SuiteRunnerWorker.run(SuiteRunnerWorker.java:95)
	at org.testng.TestNG.runSuitesSequentially(TestNG.java:1256)
	at org.testng.TestNG.runSuitesLocally(TestNG.java:1176)
	at org.testng.TestNG.runSuites(TestNG.java:1099)
	at org.testng.TestNG.run(TestNG.java:1067)
	at org.apache.maven.surefire.testng.TestNGExecutor.run(TestNGExecutor.java:295)
	at org.apache.maven.surefire.testng.TestNGXmlTestSuite.execute(TestNGXmlTestSuite.java:84)
	at org.apache.maven.surefire.testng.TestNGProvider.invoke(TestNGProvider.java:90)
	at org.apache.maven.surefire.booter.ForkedBooter.invokeProviderInSameClassLoader(ForkedBooter.java:203)
	at org.apache.maven.surefire.booter.ForkedBooter.runSuitesInProcess(ForkedBooter.java:155)
	at org.apache.maven.surefire.booter.ForkedBooter.main(ForkedBooter.java:103)
</pre></div></td>
<td>0</td>
<td>com.datadrivenapi.test.TC004_Update_Employee_Record@2cdd0d4b</td></tr>
</table><p>
<table width='100%' border='1' class='invocation-passed'>
<tr><td colspan='4' align='center'><b>PASSED TESTS</b></td></tr>
<tr><td><b>Test method</b></td>
<td><b>Attribute(s)</b></td>
<td width="30%"><b>Exception</b></td>
<td width="10%"><b>Time (seconds)</b></td>
<td><b>Instance</b></td>
</tr>
<tr>
<td title='com.datadrivenapi.test.TC001_Get_All_EmployeeData.Get_ResponseTime()'><b>Get_ResponseTime</b><br>Test class: com.datadrivenapi.test.TC001_Get_All_EmployeeData</td>
<td></td>
<td>0</td>
<td>com.datadrivenapi.test.TC001_Get_All_EmployeeData@c03cf28</td></tr>
<tr>
<td title='com.datadrivenapi.test.TC001_Get_All_EmployeeData.statusLine()'><b>statusLine</b><br>Test class: com.datadrivenapi.test.TC001_Get_All_EmployeeData</td>
<td></td>
<td>0</td>
<td>com.datadrivenapi.test.TC001_Get_All_EmployeeData@c03cf28</td></tr>
<tr>
<td title='com.datadrivenapi.test.TC003_Create_New_RecordInDB.GetResponseBody()'><b>GetResponseBody</b><br>Test class: com.datadrivenapi.test.TC003_Create_New_RecordInDB</td>
<td></td>
<td>0</td>
<td>com.datadrivenapi.test.TC003_Create_New_RecordInDB@f381794</td></tr>
<tr>
<td title='com.datadrivenapi.test.TC004_Update_Employee_Record.server_Type()'><b>server_Type</b><br>Test class: com.datadrivenapi.test.TC004_Update_Employee_Record</td>
<td></td>
<td>0</td>
<td>com.datadrivenapi.test.TC004_Update_Employee_Record@2cdd0d4b</td></tr>
<tr>
<td title='com.datadrivenapi.test.TC001_Get_All_EmployeeData.server_Type()'><b>server_Type</b><br>Test class: com.datadrivenapi.test.TC001_Get_All_EmployeeData</td>
<td></td>
<td>0</td>
<td>com.datadrivenapi.test.TC001_Get_All_EmployeeData@c03cf28</td></tr>
<tr>
<td title='com.datadrivenapi.test.TC004_Update_Employee_Record.Get_ResponseTime()'><b>Get_ResponseTime</b><br>Test class: com.datadrivenapi.test.TC004_Update_Employee_Record</td>
<td></td>
<td>0</td>
<td>com.datadrivenapi.test.TC004_Update_Employee_Record@2cdd0d4b</td></tr>
<tr>
<td title='com.datadrivenapi.test.TC001_Get_All_EmployeeData.getAllEmployeesResponseBody()'><b>getAllEmployeesResponseBody</b><br>Test class: com.datadrivenapi.test.TC001_Get_All_EmployeeData</td>
<td></td>
<td>0</td>
<td>com.datadrivenapi.test.TC001_Get_All_EmployeeData@c03cf28</td></tr>
<tr>
<td title='com.datadrivenapi.test.TC004_Update_Employee_Record.statusLine()'><b>statusLine</b><br>Test class: com.datadrivenapi.test.TC004_Update_Employee_Record</td>
<td></td>
<td>0</td>
<td>com.datadrivenapi.test.TC004_Update_Employee_Record@2cdd0d4b</td></tr>
<tr>
<td title='com.datadrivenapi.test.TC003_Create_New_RecordInDB.statusLine()'><b>statusLine</b><br>Test class: com.datadrivenapi.test.TC003_Create_New_RecordInDB</td>
<td></td>
<td>0</td>
<td>com.datadrivenapi.test.TC003_Create_New_RecordInDB@f381794</td></tr>
<tr>
<td title='com.datadrivenapi.test.TC004_Update_Employee_Record.content_Type()'><b>content_Type</b><br>Test class: com.datadrivenapi.test.TC004_Update_Employee_Record</td>
<td></td>
<td>0</td>
<td>com.datadrivenapi.test.TC004_Update_Employee_Record@2cdd0d4b</td></tr>
<tr>
<td title='com.datadrivenapi.test.TC004_Update_Employee_Record.statusCode()'><b>statusCode</b><br>Test class: com.datadrivenapi.test.TC004_Update_Employee_Record</td>
<td></td>
<td>0</td>
<td>com.datadrivenapi.test.TC004_Update_Employee_Record@2cdd0d4b</td></tr>
<tr>
<td title='com.datadrivenapi.test.TC003_Create_New_RecordInDB.statusCode()'><b>statusCode</b><br>Test class: com.datadrivenapi.test.TC003_Create_New_RecordInDB</td>
<td></td>
<td>0</td>
<td>com.datadrivenapi.test.TC003_Create_New_RecordInDB@f381794</td></tr>
<tr>
<td title='com.datadrivenapi.test.TC001_Get_All_EmployeeData.Content_Encoding()'><b>Content_Encoding</b><br>Test class: com.datadrivenapi.test.TC001_Get_All_EmployeeData</td>
<td></td>
<td>0</td>
<td>com.datadrivenapi.test.TC001_Get_All_EmployeeData@c03cf28</td></tr>
</table><p>
</body>
</html>