<?xml version="1.0" encoding="UTF-8"?>
<testng-results ignored="4" total="21" passed="13" failed="4" skipped="0">
  <reporter-output>
  </reporter-output>
  <suite started-at="2022-11-25T18:23:28 GMT" name="restApiTestSuite" finished-at="2022-11-25T18:24:44 GMT" duration-ms="76016">
    <groups>
    </groups>
    <test started-at="2022-11-25T18:23:28 GMT" name="restApiTest" finished-at="2022-11-25T18:24:44 GMT" duration-ms="76016">
      <class name="com.datadrivenapi.test.TC004_Update_Employee_Record">
        <test-method is-config="true" signature="setup()[pri:0, instance:com.datadrivenapi.test.TC004_Update_Employee_Record@2cdd0d4b]" started-at="2022-11-25T18:24:14 GMT" name="setup" finished-at="2022-11-25T18:24:18 GMT" duration-ms="4225" status="PASS">
          <reporter-output>
          </reporter-output>
        </test-method> <!-- setup -->
        <test-method signature="Content_Encoding()[pri:0, instance:com.datadrivenapi.test.TC004_Update_Employee_Record@2cdd0d4b]" started-at="2022-11-25T18:24:18 GMT" name="Content_Encoding" finished-at="2022-11-25T18:24:18 GMT" duration-ms="2" status="FAIL">
          <exception class="java.lang.AssertionError">
            <message>
              <![CDATA[expected [br] but found [gzip]]]>
            </message>
            <full-stacktrace>
              <![CDATA[java.lang.AssertionError: expected [br] but found [gzip]
at org.testng.Assert.fail(Assert.java:110)
at org.testng.Assert.failNotEquals(Assert.java:1413)
at org.testng.Assert.assertEqualsImpl(Assert.java:149)
at org.testng.Assert.assertEquals(Assert.java:131)
at org.testng.Assert.assertEquals(Assert.java:655)
at org.testng.Assert.assertEquals(Assert.java:665)
at com.datadrivenapi.test.TC004_Update_Employee_Record.Content_Encoding(TC004_Update_Employee_Record.java:79)
at java.base/jdk.internal.reflect.NativeMethodAccessorImpl.invoke0(Native Method)
at java.base/jdk.internal.reflect.NativeMethodAccessorImpl.invoke(NativeMethodAccessorImpl.java:62)
at java.base/jdk.internal.reflect.DelegatingMethodAccessorImpl.invoke(DelegatingMethodAccessorImpl.java:43)
at java.base/java.lang.reflect.Method.invoke(Method.java:566)
at org.testng.internal.invokers.MethodInvocationHelper.invokeMethod(MethodInvocationHelper.java:139)
at org.testng.internal.invokers.TestInvoker.invokeMethod(TestInvoker.java:677)
at org.testng.internal.invokers.TestInvoker.invokeTestMethod(TestInvoker.java:221)
at org.testng.internal.invokers.MethodRunner.runInSequence(MethodRunner.java:50)
at org.testng.internal.invokers.TestInvoker$MethodInvocationAgent.invoke(TestInvoker.java:962)
at org.testng.internal.invokers.TestInvoker.invokeTestMethods(TestInvoker.java:194)
at org.testng.internal.invokers.TestMethodWorker.invokeTestMethods(TestMethodWorker.java:148)
at org.testng.internal.invokers.TestMethodWorker.run(TestMethodWorker.java:128)
at java.base/java.util.ArrayList.forEach(ArrayList.java:1541)
at org.testng.TestRunner.privateRun(TestRunner.java:806)
at org.testng.TestRunner.run(TestRunner.java:601)
at org.testng.SuiteRunner.runTest(SuiteRunner.java:433)
at org.testng.SuiteRunner.runSequentially(SuiteRunner.java:427)
at org.testng.SuiteRunner.privateRun(SuiteRunner.java:387)
at org.testng.SuiteRunner.run(SuiteRunner.java:330)
at org.testng.SuiteRunnerWorker.runSuite(SuiteRunnerWorker.java:52)
at org.testng.SuiteRunnerWorker.run(SuiteRunnerWorker.java:95)
at org.testng.TestNG.runSuitesSequentially(TestNG.java:1256)
at org.testng.TestNG.runSuitesLocally(TestNG.java:1176)
at org.testng.TestNG.runSuites(TestNG.java:1099)
at org.testng.TestNG.run(TestNG.java:1067)
at org.apache.maven.surefire.testng.TestNGExecutor.run(TestNGExecutor.java:295)
at org.apache.maven.surefire.testng.TestNGXmlTestSuite.execute(TestNGXmlTestSuite.java:84)
at org.apache.maven.surefire.testng.TestNGProvider.invoke(TestNGProvider.java:90)
at org.apache.maven.surefire.booter.ForkedBooter.invokeProviderInSameClassLoader(ForkedBooter.java:203)
at org.apache.maven.surefire.booter.ForkedBooter.runSuitesInProcess(ForkedBooter.java:155)
at org.apache.maven.surefire.booter.ForkedBooter.main(ForkedBooter.java:103)
]]>
            </full-stacktrace>
          </exception> <!-- java.lang.AssertionError -->
          <reporter-output>
          </reporter-output>
        </test-method> <!-- Content_Encoding -->
        <test-method is-config="true" signature="setup()[pri:0, instance:com.datadrivenapi.test.TC004_Update_Employee_Record@2cdd0d4b]" started-at="2022-11-25T18:24:18 GMT" name="setup" finished-at="2022-11-25T18:24:22 GMT" duration-ms="4393" status="PASS">
          <reporter-output>
          </reporter-output>
        </test-method> <!-- setup -->
        <test-method signature="GetResponseBody()[pri:0, instance:com.datadrivenapi.test.TC004_Update_Employee_Record@2cdd0d4b]" started-at="2022-11-25T18:24:22 GMT" name="GetResponseBody" finished-at="2022-11-25T18:24:22 GMT" duration-ms="67" status="FAIL">
          <exception class="java.lang.AssertionError">
            <message>
              <![CDATA[expected [true] but found [false]]]>
            </message>
            <full-stacktrace>
              <![CDATA[java.lang.AssertionError: expected [true] but found [false]
at org.testng.Assert.fail(Assert.java:110)
at org.testng.Assert.failNotEquals(Assert.java:1413)
at org.testng.Assert.assertTrue(Assert.java:56)
at org.testng.Assert.assertTrue(Assert.java:66)
at com.datadrivenapi.test.TC004_Update_Employee_Record.GetResponseBody(TC004_Update_Employee_Record.java:38)
at java.base/jdk.internal.reflect.NativeMethodAccessorImpl.invoke0(Native Method)
at java.base/jdk.internal.reflect.NativeMethodAccessorImpl.invoke(NativeMethodAccessorImpl.java:62)
at java.base/jdk.internal.reflect.DelegatingMethodAccessorImpl.invoke(DelegatingMethodAccessorImpl.java:43)
at java.base/java.lang.reflect.Method.invoke(Method.java:566)
at org.testng.internal.invokers.MethodInvocationHelper.invokeMethod(MethodInvocationHelper.java:139)
at org.testng.internal.invokers.TestInvoker.invokeMethod(TestInvoker.java:677)
at org.testng.internal.invokers.TestInvoker.invokeTestMethod(TestInvoker.java:221)
at org.testng.internal.invokers.MethodRunner.runInSequence(MethodRunner.java:50)
at org.testng.internal.invokers.TestInvoker$MethodInvocationAgent.invoke(TestInvoker.java:962)
at org.testng.internal.invokers.TestInvoker.invokeTestMethods(TestInvoker.java:194)
at org.testng.internal.invokers.TestMethodWorker.invokeTestMethods(TestMethodWorker.java:148)
at org.testng.internal.invokers.TestMethodWorker.run(TestMethodWorker.java:128)
at java.base/java.util.ArrayList.forEach(ArrayList.java:1541)
at org.testng.TestRunner.privateRun(TestRunner.java:806)
at org.testng.TestRunner.run(TestRunner.java:601)
at org.testng.SuiteRunner.runTest(SuiteRunner.java:433)
at org.testng.SuiteRunner.runSequentially(SuiteRunner.java:427)
at org.testng.SuiteRunner.privateRun(SuiteRunner.java:387)
at org.testng.SuiteRunner.run(SuiteRunner.java:330)
at org.testng.SuiteRunnerWorker.runSuite(SuiteRunnerWorker.java:52)
at org.testng.SuiteRunnerWorker.run(SuiteRunnerWorker.java:95)
at org.testng.TestNG.runSuitesSequentially(TestNG.java:1256)
at org.testng.TestNG.runSuitesLocally(TestNG.java:1176)
at org.testng.TestNG.runSuites(TestNG.java:1099)
at org.testng.TestNG.run(TestNG.java:1067)
at org.apache.maven.surefire.testng.TestNGExecutor.run(TestNGExecutor.java:295)
at org.apache.maven.surefire.testng.TestNGXmlTestSuite.execute(TestNGXmlTestSuite.java:84)
at org.apache.maven.surefire.testng.TestNGProvider.invoke(TestNGProvider.java:90)
at org.apache.maven.surefire.booter.ForkedBooter.invokeProviderInSameClassLoader(ForkedBooter.java:203)
at org.apache.maven.surefire.booter.ForkedBooter.runSuitesInProcess(ForkedBooter.java:155)
at org.apache.maven.surefire.booter.ForkedBooter.main(ForkedBooter.java:103)
]]>
            </full-stacktrace>
          </exception> <!-- java.lang.AssertionError -->
          <reporter-output>
          </reporter-output>
        </test-method> <!-- GetResponseBody -->
        <test-method is-config="true" signature="setup()[pri:0, instance:com.datadrivenapi.test.TC004_Update_Employee_Record@2cdd0d4b]" started-at="2022-11-25T18:24:22 GMT" name="setup" finished-at="2022-11-25T18:24:27 GMT" duration-ms="4285" status="PASS">
          <reporter-output>
          </reporter-output>
        </test-method> <!-- setup -->
        <test-method signature="Get_ResponseTime()[pri:0, instance:com.datadrivenapi.test.TC004_Update_Employee_Record@2cdd0d4b]" started-at="2022-11-25T18:24:27 GMT" name="Get_ResponseTime" finished-at="2022-11-25T18:24:27 GMT" duration-ms="2" status="PASS">
          <reporter-output>
          </reporter-output>
        </test-method> <!-- Get_ResponseTime -->
        <test-method is-config="true" signature="setup()[pri:0, instance:com.datadrivenapi.test.TC004_Update_Employee_Record@2cdd0d4b]" started-at="2022-11-25T18:24:27 GMT" name="setup" finished-at="2022-11-25T18:24:31 GMT" duration-ms="4838" status="PASS">
          <reporter-output>
          </reporter-output>
        </test-method> <!-- setup -->
        <test-method signature="content_Type()[pri:0, instance:com.datadrivenapi.test.TC004_Update_Employee_Record@2cdd0d4b]" started-at="2022-11-25T18:24:31 GMT" name="content_Type" finished-at="2022-11-25T18:24:31 GMT" duration-ms="3" status="PASS">
          <reporter-output>
          </reporter-output>
        </test-method> <!-- content_Type -->
        <test-method is-config="true" signature="setup()[pri:0, instance:com.datadrivenapi.test.TC004_Update_Employee_Record@2cdd0d4b]" started-at="2022-11-25T18:24:31 GMT" name="setup" finished-at="2022-11-25T18:24:36 GMT" duration-ms="4174" status="PASS">
          <reporter-output>
          </reporter-output>
        </test-method> <!-- setup -->
        <test-method signature="server_Type()[pri:0, instance:com.datadrivenapi.test.TC004_Update_Employee_Record@2cdd0d4b]" started-at="2022-11-25T18:24:36 GMT" name="server_Type" finished-at="2022-11-25T18:24:36 GMT" duration-ms="2" status="PASS">
          <reporter-output>
          </reporter-output>
        </test-method> <!-- server_Type -->
        <test-method is-config="true" signature="setup()[pri:0, instance:com.datadrivenapi.test.TC004_Update_Employee_Record@2cdd0d4b]" started-at="2022-11-25T18:24:36 GMT" name="setup" finished-at="2022-11-25T18:24:40 GMT" duration-ms="4377" status="PASS">
          <reporter-output>
          </reporter-output>
        </test-method> <!-- setup -->
        <test-method signature="statusCode()[pri:0, instance:com.datadrivenapi.test.TC004_Update_Employee_Record@2cdd0d4b]" started-at="2022-11-25T18:24:40 GMT" name="statusCode" finished-at="2022-11-25T18:24:40 GMT" duration-ms="2" status="PASS">
          <reporter-output>
          </reporter-output>
        </test-method> <!-- statusCode -->
        <test-method is-config="true" signature="setup()[pri:0, instance:com.datadrivenapi.test.TC004_Update_Employee_Record@2cdd0d4b]" started-at="2022-11-25T18:24:40 GMT" name="setup" finished-at="2022-11-25T18:24:44 GMT" duration-ms="4011" status="PASS">
          <reporter-output>
          </reporter-output>
        </test-method> <!-- setup -->
        <test-method signature="statusLine()[pri:0, instance:com.datadrivenapi.test.TC004_Update_Employee_Record@2cdd0d4b]" started-at="2022-11-25T18:24:44 GMT" name="statusLine" finished-at="2022-11-25T18:24:44 GMT" duration-ms="1" status="PASS">
          <reporter-output>
          </reporter-output>
        </test-method> <!-- statusLine -->
      </class> <!-- com.datadrivenapi.test.TC004_Update_Employee_Record -->
      <class name="com.datadrivenapi.test.TC003_Create_New_RecordInDB">
        <test-method is-config="true" signature="setup()[pri:0, instance:com.datadrivenapi.test.TC003_Create_New_RecordInDB@f381794]" started-at="2022-11-25T18:24:10 GMT" name="setup" finished-at="2022-11-25T18:24:11 GMT" duration-ms="1360" status="PASS">
          <reporter-output>
          </reporter-output>
        </test-method> <!-- setup -->
        <test-method signature="GetResponseBody()[pri:0, instance:com.datadrivenapi.test.TC003_Create_New_RecordInDB@f381794]" started-at="2022-11-25T18:24:11 GMT" name="GetResponseBody" finished-at="2022-11-25T18:24:11 GMT" duration-ms="3" status="PASS">
          <reporter-output>
          </reporter-output>
        </test-method> <!-- GetResponseBody -->
        <test-method is-config="true" signature="setup()[pri:0, instance:com.datadrivenapi.test.TC003_Create_New_RecordInDB@f381794]" started-at="2022-11-25T18:24:11 GMT" name="setup" finished-at="2022-11-25T18:24:12 GMT" duration-ms="1312" status="PASS">
          <reporter-output>
          </reporter-output>
        </test-method> <!-- setup -->
        <test-method signature="statusCode()[pri:0, instance:com.datadrivenapi.test.TC003_Create_New_RecordInDB@f381794]" started-at="2022-11-25T18:24:12 GMT" name="statusCode" finished-at="2022-11-25T18:24:12 GMT" duration-ms="2" status="PASS">
          <reporter-output>
          </reporter-output>
        </test-method> <!-- statusCode -->
        <test-method is-config="true" signature="setup()[pri:0, instance:com.datadrivenapi.test.TC003_Create_New_RecordInDB@f381794]" started-at="2022-11-25T18:24:12 GMT" name="setup" finished-at="2022-11-25T18:24:14 GMT" duration-ms="1151" status="PASS">
          <reporter-output>
          </reporter-output>
        </test-method> <!-- setup -->
        <test-method signature="statusLine()[pri:0, instance:com.datadrivenapi.test.TC003_Create_New_RecordInDB@f381794]" started-at="2022-11-25T18:24:14 GMT" name="statusLine" finished-at="2022-11-25T18:24:14 GMT" duration-ms="2" status="PASS">
          <reporter-output>
          </reporter-output>
        </test-method> <!-- statusLine -->
      </class> <!-- com.datadrivenapi.test.TC003_Create_New_RecordInDB -->
      <class name="com.datadrivenapi.test.TC001_Get_All_EmployeeData">
        <test-method is-config="true" signature="setUp()[pri:0, instance:com.datadrivenapi.test.TC001_Get_All_EmployeeData@c03cf28]" started-at="2022-11-25T18:23:27 GMT" name="setUp" finished-at="2022-11-25T18:23:28 GMT" duration-ms="770" status="PASS">
          <reporter-output>
          </reporter-output>
        </test-method> <!-- setUp -->
        <test-method is-config="true" signature="setup()[pri:0, instance:com.datadrivenapi.test.TC001_Get_All_EmployeeData@c03cf28]" started-at="2022-11-25T18:23:28 GMT" name="setup" finished-at="2022-11-25T18:23:39 GMT" duration-ms="10976" status="PASS">
          <reporter-output>
          </reporter-output>
        </test-method> <!-- setup -->
        <test-method signature="Content_Encoding()[pri:0, instance:com.datadrivenapi.test.TC001_Get_All_EmployeeData@c03cf28]" started-at="2022-11-25T18:23:39 GMT" name="Content_Encoding" finished-at="2022-11-25T18:23:39 GMT" duration-ms="26" status="PASS">
          <reporter-output>
          </reporter-output>
        </test-method> <!-- Content_Encoding -->
        <test-method is-config="true" signature="setup()[pri:0, instance:com.datadrivenapi.test.TC001_Get_All_EmployeeData@c03cf28]" started-at="2022-11-25T18:23:39 GMT" name="setup" finished-at="2022-11-25T18:23:44 GMT" duration-ms="4834" status="PASS">
          <reporter-output>
          </reporter-output>
        </test-method> <!-- setup -->
        <test-method signature="Get_ResponseTime()[pri:0, instance:com.datadrivenapi.test.TC001_Get_All_EmployeeData@c03cf28]" started-at="2022-11-25T18:23:44 GMT" name="Get_ResponseTime" finished-at="2022-11-25T18:23:44 GMT" duration-ms="3" status="PASS">
          <reporter-output>
          </reporter-output>
        </test-method> <!-- Get_ResponseTime -->
        <test-method is-config="true" signature="setup()[pri:0, instance:com.datadrivenapi.test.TC001_Get_All_EmployeeData@c03cf28]" started-at="2022-11-25T18:23:44 GMT" name="setup" finished-at="2022-11-25T18:23:49 GMT" duration-ms="5428" status="PASS">
          <reporter-output>
          </reporter-output>
        </test-method> <!-- setup -->
        <test-method signature="content_Type()[pri:0, instance:com.datadrivenapi.test.TC001_Get_All_EmployeeData@c03cf28]" started-at="2022-11-25T18:23:49 GMT" name="content_Type" finished-at="2022-11-25T18:23:49 GMT" duration-ms="59" status="FAIL">
          <exception class="java.lang.AssertionError">
            <message>
              <![CDATA[expected [application/json] but found [text/html; charset=UTF-8]]]>
            </message>
            <full-stacktrace>
              <![CDATA[java.lang.AssertionError: expected [application/json] but found [text/html; charset=UTF-8]
at org.testng.Assert.fail(Assert.java:110)
at org.testng.Assert.failNotEquals(Assert.java:1413)
at org.testng.Assert.assertEqualsImpl(Assert.java:149)
at org.testng.Assert.assertEquals(Assert.java:131)
at org.testng.Assert.assertEquals(Assert.java:655)
at org.testng.Assert.assertEquals(Assert.java:665)
at com.datadrivenapi.test.TC001_Get_All_EmployeeData.content_Type(TC001_Get_All_EmployeeData.java:57)
at java.base/jdk.internal.reflect.NativeMethodAccessorImpl.invoke0(Native Method)
at java.base/jdk.internal.reflect.NativeMethodAccessorImpl.invoke(NativeMethodAccessorImpl.java:62)
at java.base/jdk.internal.reflect.DelegatingMethodAccessorImpl.invoke(DelegatingMethodAccessorImpl.java:43)
at java.base/java.lang.reflect.Method.invoke(Method.java:566)
at org.testng.internal.invokers.MethodInvocationHelper.invokeMethod(MethodInvocationHelper.java:139)
at org.testng.internal.invokers.TestInvoker.invokeMethod(TestInvoker.java:677)
at org.testng.internal.invokers.TestInvoker.invokeTestMethod(TestInvoker.java:221)
at org.testng.internal.invokers.MethodRunner.runInSequence(MethodRunner.java:50)
at org.testng.internal.invokers.TestInvoker$MethodInvocationAgent.invoke(TestInvoker.java:962)
at org.testng.internal.invokers.TestInvoker.invokeTestMethods(TestInvoker.java:194)
at org.testng.internal.invokers.TestMethodWorker.invokeTestMethods(TestMethodWorker.java:148)
at org.testng.internal.invokers.TestMethodWorker.run(TestMethodWorker.java:128)
at java.base/java.util.ArrayList.forEach(ArrayList.java:1541)
at org.testng.TestRunner.privateRun(TestRunner.java:806)
at org.testng.TestRunner.run(TestRunner.java:601)
at org.testng.SuiteRunner.runTest(SuiteRunner.java:433)
at org.testng.SuiteRunner.runSequentially(SuiteRunner.java:427)
at org.testng.SuiteRunner.privateRun(SuiteRunner.java:387)
at org.testng.SuiteRunner.run(SuiteRunner.java:330)
at org.testng.SuiteRunnerWorker.runSuite(SuiteRunnerWorker.java:52)
at org.testng.SuiteRunnerWorker.run(SuiteRunnerWorker.java:95)
at org.testng.TestNG.runSuitesSequentially(TestNG.java:1256)
at org.testng.TestNG.runSuitesLocally(TestNG.java:1176)
at org.testng.TestNG.runSuites(TestNG.java:1099)
at org.testng.TestNG.run(TestNG.java:1067)
at org.apache.maven.surefire.testng.TestNGExecutor.run(TestNGExecutor.java:295)
at org.apache.maven.surefire.testng.TestNGXmlTestSuite.execute(TestNGXmlTestSuite.java:84)
at org.apache.maven.surefire.testng.TestNGProvider.invoke(TestNGProvider.java:90)
at org.apache.maven.surefire.booter.ForkedBooter.invokeProviderInSameClassLoader(ForkedBooter.java:203)
at org.apache.maven.surefire.booter.ForkedBooter.runSuitesInProcess(ForkedBooter.java:155)
at org.apache.maven.surefire.booter.ForkedBooter.main(ForkedBooter.java:103)
]]>
            </full-stacktrace>
          </exception> <!-- java.lang.AssertionError -->
          <reporter-output>
          </reporter-output>
        </test-method> <!-- content_Type -->
        <test-method is-config="true" signature="setup()[pri:0, instance:com.datadrivenapi.test.TC001_Get_All_EmployeeData@c03cf28]" started-at="2022-11-25T18:23:49 GMT" name="setup" finished-at="2022-11-25T18:23:54 GMT" duration-ms="4523" status="PASS">
          <reporter-output>
          </reporter-output>
        </test-method> <!-- setup -->
        <test-method signature="getAllEmployeesResponseBody()[pri:0, instance:com.datadrivenapi.test.TC001_Get_All_EmployeeData@c03cf28]" started-at="2022-11-25T18:23:54 GMT" name="getAllEmployeesResponseBody" finished-at="2022-11-25T18:23:54 GMT" duration-ms="42" status="PASS">
          <reporter-output>
          </reporter-output>
        </test-method> <!-- getAllEmployeesResponseBody -->
        <test-method is-config="true" signature="setup()[pri:0, instance:com.datadrivenapi.test.TC001_Get_All_EmployeeData@c03cf28]" started-at="2022-11-25T18:23:54 GMT" name="setup" finished-at="2022-11-25T18:24:01 GMT" duration-ms="6626" status="PASS">
          <reporter-output>
          </reporter-output>
        </test-method> <!-- setup -->
        <test-method signature="server_Type()[pri:0, instance:com.datadrivenapi.test.TC001_Get_All_EmployeeData@c03cf28]" started-at="2022-11-25T18:24:01 GMT" name="server_Type" finished-at="2022-11-25T18:24:01 GMT" duration-ms="2" status="PASS">
          <reporter-output>
          </reporter-output>
        </test-method> <!-- server_Type -->
        <test-method is-config="true" signature="setup()[pri:0, instance:com.datadrivenapi.test.TC001_Get_All_EmployeeData@c03cf28]" started-at="2022-11-25T18:24:01 GMT" name="setup" finished-at="2022-11-25T18:24:05 GMT" duration-ms="4757" status="PASS">
          <reporter-output>
          </reporter-output>
        </test-method> <!-- setup -->
        <test-method signature="statusCode()[pri:0, instance:com.datadrivenapi.test.TC001_Get_All_EmployeeData@c03cf28]" started-at="2022-11-25T18:24:05 GMT" name="statusCode" finished-at="2022-11-25T18:24:05 GMT" duration-ms="0" status="FAIL">
          <exception class="java.lang.AssertionError">
            <message>
              <![CDATA[expected [200] but found [429]]]>
            </message>
            <full-stacktrace>
              <![CDATA[java.lang.AssertionError: expected [200] but found [429]
at org.testng.Assert.fail(Assert.java:110)
at org.testng.Assert.failNotEquals(Assert.java:1413)
at org.testng.Assert.assertEqualsImpl(Assert.java:149)
at org.testng.Assert.assertEquals(Assert.java:131)
at org.testng.Assert.assertEquals(Assert.java:1240)
at org.testng.Assert.assertEquals(Assert.java:1274)
at com.datadrivenapi.test.TC001_Get_All_EmployeeData.statusCode(TC001_Get_All_EmployeeData.java:41)
at java.base/jdk.internal.reflect.NativeMethodAccessorImpl.invoke0(Native Method)
at java.base/jdk.internal.reflect.NativeMethodAccessorImpl.invoke(NativeMethodAccessorImpl.java:62)
at java.base/jdk.internal.reflect.DelegatingMethodAccessorImpl.invoke(DelegatingMethodAccessorImpl.java:43)
at java.base/java.lang.reflect.Method.invoke(Method.java:566)
at org.testng.internal.invokers.MethodInvocationHelper.invokeMethod(MethodInvocationHelper.java:139)
at org.testng.internal.invokers.TestInvoker.invokeMethod(TestInvoker.java:677)
at org.testng.internal.invokers.TestInvoker.invokeTestMethod(TestInvoker.java:221)
at org.testng.internal.invokers.MethodRunner.runInSequence(MethodRunner.java:50)
at org.testng.internal.invokers.TestInvoker$MethodInvocationAgent.invoke(TestInvoker.java:962)
at org.testng.internal.invokers.TestInvoker.invokeTestMethods(TestInvoker.java:194)
at org.testng.internal.invokers.TestMethodWorker.invokeTestMethods(TestMethodWorker.java:148)
at org.testng.internal.invokers.TestMethodWorker.run(TestMethodWorker.java:128)
at java.base/java.util.ArrayList.forEach(ArrayList.java:1541)
at org.testng.TestRunner.privateRun(TestRunner.java:806)
at org.testng.TestRunner.run(TestRunner.java:601)
at org.testng.SuiteRunner.runTest(SuiteRunner.java:433)
at org.testng.SuiteRunner.runSequentially(SuiteRunner.java:427)
at org.testng.SuiteRunner.privateRun(SuiteRunner.java:387)
at org.testng.SuiteRunner.run(SuiteRunner.java:330)
at org.testng.SuiteRunnerWorker.runSuite(SuiteRunnerWorker.java:52)
at org.testng.SuiteRunnerWorker.run(SuiteRunnerWorker.java:95)
at org.testng.TestNG.runSuitesSequentially(TestNG.java:1256)
at org.testng.TestNG.runSuitesLocally(TestNG.java:1176)
at org.testng.TestNG.runSuites(TestNG.java:1099)
at org.testng.TestNG.run(TestNG.java:1067)
at org.apache.maven.surefire.testng.TestNGExecutor.run(TestNGExecutor.java:295)
at org.apache.maven.surefire.testng.TestNGXmlTestSuite.execute(TestNGXmlTestSuite.java:84)
at org.apache.maven.surefire.testng.TestNGProvider.invoke(TestNGProvider.java:90)
at org.apache.maven.surefire.booter.ForkedBooter.invokeProviderInSameClassLoader(ForkedBooter.java:203)
at org.apache.maven.surefire.booter.ForkedBooter.runSuitesInProcess(ForkedBooter.java:155)
at org.apache.maven.surefire.booter.ForkedBooter.main(ForkedBooter.java:103)
]]>
            </full-stacktrace>
          </exception> <!-- java.lang.AssertionError -->
          <reporter-output>
          </reporter-output>
        </test-method> <!-- statusCode -->
        <test-method is-config="true" signature="setup()[pri:0, instance:com.datadrivenapi.test.TC001_Get_All_EmployeeData@c03cf28]" started-at="2022-11-25T18:24:05 GMT" name="setup" finished-at="2022-11-25T18:24:10 GMT" duration-ms="4345" status="PASS">
          <reporter-output>
          </reporter-output>
        </test-method> <!-- setup -->
        <test-method signature="statusLine()[pri:0, instance:com.datadrivenapi.test.TC001_Get_All_EmployeeData@c03cf28]" started-at="2022-11-25T18:24:10 GMT" name="statusLine" finished-at="2022-11-25T18:24:10 GMT" duration-ms="1" status="PASS">
          <reporter-output>
          </reporter-output>
        </test-method> <!-- statusLine -->
        <test-method is-config="true" signature="afterSuite()[pri:0, instance:com.datadrivenapi.test.TC001_Get_All_EmployeeData@c03cf28]" started-at="2022-11-25T18:24:47 GMT" name="afterSuite" finished-at="2022-11-25T18:24:52 GMT" duration-ms="5293" status="PASS">
          <reporter-output>
          </reporter-output>
        </test-method> <!-- afterSuite -->
      </class> <!-- com.datadrivenapi.test.TC001_Get_All_EmployeeData -->
    </test> <!-- restApiTest -->
  </suite> <!-- restApiTestSuite -->
</testng-results>
